<?xml version="1.0" encoding="UTF-8"?>
<!-- Generated by org.testng.reporters.JUnitReportReporter -->
<testsuite skipped="0" hostname="LAPTOP-ORI8JR52" name="com.guru99demobank.tests.LoginPageTest" tests="1" failures="0" timestamp="2021-01-11T19:30:53 IST" time="12.971" errors="0">
  <testcase name="verifyJavascriptAlertText" time="12.971" classname="com.guru99demobank.tests.LoginPageTest"/>
</testsuite> <!-- com.guru99demobank.tests.LoginPageTest -->
