<?xml version="1.0" encoding="UTF-8"?>
<!-- Generated by org.testng.reporters.JUnitReportReporter -->
<testsuite skipped="0" hostname="LAPTOP-ORI8JR52" name="com.guru99demobank.tests.HomePageTest" tests="15" failures="0" timestamp="2021-01-14T21:14:01 IST" time="0.225" errors="0">
  <testcase name="verifyLinks" time="0.002" classname="com.guru99demobank.tests.HomePageTest"/>
  <testcase name="verifyLinks" time="0.021" classname="com.guru99demobank.tests.HomePageTest"/>
  <testcase name="verifyLinks" time="0.021" classname="com.guru99demobank.tests.HomePageTest"/>
  <testcase name="verifyLinks" time="0.021" classname="com.guru99demobank.tests.HomePageTest"/>
  <testcase name="verifyLinks" time="0.004" classname="com.guru99demobank.tests.HomePageTest"/>
  <testcase name="verifyLinks" time="0.003" classname="com.guru99demobank.tests.HomePageTest"/>
  <testcase name="verifyLinks" time="0.021" classname="com.guru99demobank.tests.HomePageTest"/>
  <testcase name="verifyLinks" time="0.021" classname="com.guru99demobank.tests.HomePageTest"/>
  <testcase name="verifyLinks" time="0.004" classname="com.guru99demobank.tests.HomePageTest"/>
  <testcase name="verifyLinks" time="0.021" classname="com.guru99demobank.tests.HomePageTest"/>
  <testcase name="verifyLinks" time="0.021" classname="com.guru99demobank.tests.HomePageTest"/>
  <testcase name="verifyLinks" time="0.021" classname="com.guru99demobank.tests.HomePageTest"/>
  <testcase name="verifyLinks" time="0.002" classname="com.guru99demobank.tests.HomePageTest"/>
  <testcase name="verifyLinks" time="0.021" classname="com.guru99demobank.tests.HomePageTest"/>
  <testcase name="verifyLinks" time="0.021" classname="com.guru99demobank.tests.HomePageTest"/>
</testsuite> <!-- com.guru99demobank.tests.HomePageTest -->
