<?xml version="1.0" encoding="UTF-8"?>
<!-- Generated by org.testng.reporters.JUnitReportReporter -->
<testsuite skipped="0" hostname="LAPTOP-ORI8JR52" name="com.guru99demobank.tests.LoginPageTest" tests="3" failures="0" timestamp="2021-01-14T21:14:01 IST" time="16.509" errors="0">
  <testcase name="verifyUserIdLabelText" time="0.039" classname="com.guru99demobank.tests.LoginPageTest"/>
  <testcase name="verifyPasswordLabelText" time="0.048" classname="com.guru99demobank.tests.LoginPageTest"/>
  <testcase name="verifyJavascriptAlertText" time="16.422" classname="com.guru99demobank.tests.LoginPageTest"/>
</testsuite> <!-- com.guru99demobank.tests.LoginPageTest -->
