<?xml version="1.0" encoding="UTF-8"?>
<!-- Generated by org.testng.reporters.JUnitReportReporter -->
<testsuite skipped="0" hostname="LAPTOP-ORI8JR52" name="com.guru99demobank.tests.NewCustomerPageTest" tests="11" failures="0" timestamp="2021-01-14T21:14:01 IST" time="1.169" errors="0">
  <testcase name="verifyAddNewCustomerHeading" time="0.047" classname="com.guru99demobank.tests.NewCustomerPageTest"/>
  <testcase name="verifyCustomerNameLabel" time="0.167" classname="com.guru99demobank.tests.NewCustomerPageTest"/>
  <testcase name="verifyGenderLabel" time="0.087" classname="com.guru99demobank.tests.NewCustomerPageTest"/>
  <testcase name="verifyDOBLabel" time="0.170" classname="com.guru99demobank.tests.NewCustomerPageTest"/>
  <testcase name="verifyAddressLabel" time="0.122" classname="com.guru99demobank.tests.NewCustomerPageTest"/>
  <testcase name="verifyCityLabel" time="0.125" classname="com.guru99demobank.tests.NewCustomerPageTest"/>
  <testcase name="verifyStateLabel" time="0.101" classname="com.guru99demobank.tests.NewCustomerPageTest"/>
  <testcase name="verifyPINLabel" time="0.099" classname="com.guru99demobank.tests.NewCustomerPageTest"/>
  <testcase name="verifyMobileNumberLabel" time="0.090" classname="com.guru99demobank.tests.NewCustomerPageTest"/>
  <testcase name="verifyEmailLabel" time="0.083" classname="com.guru99demobank.tests.NewCustomerPageTest"/>
  <testcase name="verifyPasswordLabel" time="0.078" classname="com.guru99demobank.tests.NewCustomerPageTest"/>
</testsuite> <!-- com.guru99demobank.tests.NewCustomerPageTest -->
